AN_III_utf8.html
AN_II_utf8.html
AN_IV_utf8.html
AN_I_utf8.html
AN_V_utf8.html
Ap_II_utf8.html
Ap_I_utf8.html
Bv_utf8.html
Cp_utf8.html
Dhp_utf8.html
DN_III_utf8.html
DN_II_utf8.html
DN_I_utf8.html
It_utf8.html
J_III_utf8.html
J_II_utf8.html
J_IV_utf8.html
J_I_utf8.html
J_VI_utf8.html
J_V_utf8.html
Khp_utf8.html
MN_III_utf8.html
MN_II_utf8.html
MN_I_utf8.html
Nidd_II_utf8.html
Nidd_I_utf8.html
Patis_II_utf8.html
Patis_I_utf8.html
Pv_utf8.html
SN_III_utf8.html
SN_II_utf8.html
SN_IV_utf8.html
SN_I_utf8.html
Sn_utf8.html
SN_V_utf8.html
Thi_utf8.html
Th_utf8.html
Ud_utf8.html
Vv_utf8.html
